<?xml version="1.0" encoding="UTF-8"?>
<coverage generated="1595059651011" clover="3.2.0">
  <project timestamp="1595059651011" name="All files">
    <metrics statements="59" coveredstatements="59" conditionals="24" coveredconditionals="24" methods="6" coveredmethods="6" elements="89" coveredelements="89" complexity="0" loc="59" ncloc="59" packages="1" files="1" classes="1"/>
    <file name="utils.ts" path="C:\Users\julia\projects\zadanie-ethworks\src\utils.ts">
      <metrics statements="59" coveredstatements="59" conditionals="24" coveredconditionals="24" methods="6" coveredmethods="6"/>
      <line num="12" count="55" type="cond" truecount="2" falsecount="0"/>
      <line num="13" count="55" type="stmt"/>
      <line num="19" count="8" type="stmt"/>
      <line num="21" count="28" type="stmt"/>
      <line num="28" count="28" type="cond" truecount="2" falsecount="0"/>
      <line num="30" count="20" type="stmt"/>
      <line num="34" count="20" type="stmt"/>
      <line num="35" count="21" type="stmt"/>
      <line num="39" count="20" type="stmt"/>
      <line num="48" count="6" type="stmt"/>
      <line num="49" count="6" type="stmt"/>
      <line num="50" count="6" type="cond" truecount="2" falsecount="0"/>
      <line num="51" count="25" type="cond" truecount="2" falsecount="0"/>
      <line num="53" count="25" type="stmt"/>
      <line num="54" count="25" type="cond" truecount="2" falsecount="0"/>
      <line num="56" count="25" type="cond" truecount="2" falsecount="0"/>
      <line num="57" count="3" type="stmt"/>
      <line num="59" count="22" type="stmt"/>
      <line num="61" count="25" type="stmt"/>
      <line num="63" count="6" type="stmt"/>
      <line num="64" count="6" type="stmt"/>
      <line num="75" count="1" type="stmt"/>
      <line num="76" count="3" type="stmt"/>
      <line num="77" count="3" type="stmt"/>
      <line num="78" count="3" type="stmt"/>
      <line num="81" count="1" type="stmt"/>
      <line num="82" count="3" type="cond" truecount="2" falsecount="0"/>
      <line num="85" count="14" type="cond" truecount="2" falsecount="0"/>
      <line num="86" count="5" type="stmt"/>
      <line num="87" count="5" type="stmt"/>
      <line num="92" count="9" type="cond" truecount="2" falsecount="0"/>
      <line num="93" count="4" type="stmt"/>
      <line num="94" count="4" type="stmt"/>
      <line num="99" count="5" type="stmt"/>
      <line num="100" count="5" type="stmt"/>
      <line num="101" count="5" type="stmt"/>
      <line num="102" count="5" type="stmt"/>
      <line num="105" count="14" type="stmt"/>
      <line num="106" count="14" type="stmt"/>
      <line num="107" count="14" type="stmt"/>
      <line num="110" count="3" type="cond" truecount="2" falsecount="0"/>
      <line num="111" count="2" type="cond" truecount="2" falsecount="0"/>
      <line num="112" count="1" type="stmt"/>
      <line num="113" count="1" type="stmt"/>
      <line num="115" count="2" type="cond" truecount="2" falsecount="0"/>
      <line num="116" count="1" type="stmt"/>
      <line num="117" count="1" type="stmt"/>
      <line num="120" count="2" type="stmt"/>
      <line num="121" count="2" type="stmt"/>
      <line num="122" count="2" type="stmt"/>
      <line num="127" count="1" type="stmt"/>
      <line num="128" count="1" type="stmt"/>
      <line num="130" count="1" type="stmt"/>
      <line num="132" count="1" type="stmt"/>
      <line num="134" count="1" type="stmt"/>
      <line num="136" count="1" type="stmt"/>
      <line num="137" count="1" type="stmt"/>
      <line num="139" count="1" type="stmt"/>
      <line num="141" count="1" type="stmt"/>
    </file>
  </project>
</coverage>
