<?xml version="1.0" encoding="UTF-8"?>
<coverage generated="1595017832549" clover="3.2.0">
  <project timestamp="1595017832549" name="All files">
    <metrics statements="62" coveredstatements="50" conditionals="28" coveredconditionals="25" methods="6" coveredmethods="5" elements="96" coveredelements="80" complexity="0" loc="62" ncloc="62" packages="1" files="1" classes="1"/>
    <file name="utils.ts" path="C:\Users\julia\projects\zadanie-ethworks\src\utils.ts">
      <metrics statements="62" coveredstatements="50" conditionals="28" coveredconditionals="25" methods="6" coveredmethods="5"/>
      <line num="19" count="26" type="cond" truecount="2" falsecount="0"/>
      <line num="20" count="26" type="stmt"/>
      <line num="26" count="4" type="stmt"/>
      <line num="28" count="15" type="stmt"/>
      <line num="35" count="15" type="cond" truecount="2" falsecount="0"/>
      <line num="37" count="11" type="stmt"/>
      <line num="41" count="11" type="stmt"/>
      <line num="42" count="13" type="stmt"/>
      <line num="46" count="11" type="stmt"/>
      <line num="55" count="2" type="stmt"/>
      <line num="56" count="2" type="stmt"/>
      <line num="57" count="2" type="cond" truecount="2" falsecount="0"/>
      <line num="58" count="10" type="cond" truecount="2" falsecount="0"/>
      <line num="60" count="10" type="stmt"/>
      <line num="61" count="10" type="cond" truecount="2" falsecount="0"/>
      <line num="63" count="10" type="cond" truecount="2" falsecount="0"/>
      <line num="64" count="3" type="stmt"/>
      <line num="66" count="7" type="stmt"/>
      <line num="68" count="10" type="stmt"/>
      <line num="70" count="2" type="stmt"/>
      <line num="71" count="2" type="stmt"/>
      <line num="75" count="1" type="stmt"/>
      <line num="76" count="1" type="stmt"/>
      <line num="77" count="1" type="stmt"/>
      <line num="78" count="1" type="stmt"/>
      <line num="81" count="1" type="stmt"/>
      <line num="82" count="1" type="cond" truecount="3" falsecount="1"/>
      <line num="83" count="0" type="stmt"/>
      <line num="84" count="0" type="stmt"/>
      <line num="87" count="1" type="cond" truecount="2" falsecount="0"/>
      <line num="90" count="5" type="cond" truecount="2" falsecount="0"/>
      <line num="91" count="2" type="stmt"/>
      <line num="92" count="2" type="stmt"/>
      <line num="97" count="3" type="cond" truecount="2" falsecount="0"/>
      <line num="98" count="1" type="stmt"/>
      <line num="99" count="1" type="stmt"/>
      <line num="104" count="2" type="stmt"/>
      <line num="105" count="2" type="stmt"/>
      <line num="106" count="2" type="stmt"/>
      <line num="107" count="2" type="stmt"/>
      <line num="110" count="5" type="stmt"/>
      <line num="111" count="5" type="stmt"/>
      <line num="112" count="5" type="stmt"/>
      <line num="115" count="1" type="cond" truecount="2" falsecount="0"/>
      <line num="116" count="1" type="cond" truecount="1" falsecount="1"/>
      <line num="117" count="1" type="stmt"/>
      <line num="118" count="1" type="stmt"/>
      <line num="120" count="1" type="cond" truecount="1" falsecount="1"/>
      <line num="121" count="0" type="stmt"/>
      <line num="122" count="0" type="stmt"/>
      <line num="125" count="1" type="stmt"/>
      <line num="126" count="1" type="stmt"/>
      <line num="127" count="1" type="stmt"/>
      <line num="131" count="1" type="stmt"/>
      <line num="132" count="0" type="stmt"/>
      <line num="134" count="0" type="stmt"/>
      <line num="137" count="0" type="stmt"/>
      <line num="139" count="0" type="stmt"/>
      <line num="141" count="0" type="stmt"/>
      <line num="142" count="0" type="stmt"/>
      <line num="144" count="0" type="stmt"/>
      <line num="146" count="0" type="stmt"/>
    </file>
  </project>
</coverage>
