{"C:\\Users\\julia\\projects\\zadanie-ethworks\\src\\utils.ts": {"path":"C:\\Users\\julia\\projects\\zadanie-ethworks\\src\\utils.ts","statementMap":{"0":{"start":{"line":19,"column":4},"end":{"line":19,"column":35}},"1":{"start":{"line":20,"column":4},"end":{"line":20,"column":21}},"2":{"start":{"line":26,"column":4},"end":{"line":48,"column":5}},"3":{"start":{"line":26,"column":17},"end":{"line":26,"column":18}},"4":{"start":{"line":28,"column":19},"end":{"line":28,"column":41}},"5":{"start":{"line":35,"column":6},"end":{"line":47,"column":7}},"6":{"start":{"line":35,"column":33},"end":{"line":35,"column":61}},"7":{"start":{"line":37,"column":8},"end":{"line":37,"column":23}},"8":{"start":{"line":41,"column":8},"end":{"line":43,"column":9}},"9":{"start":{"line":42,"column":10},"end":{"line":42,"column":33}},"10":{"start":{"line":46,"column":8},"end":{"line":46,"column":28}},"11":{"start":{"line":55,"column":21},"end":{"line":55,"column":25}},"12":{"start":{"line":56,"column":14},"end":{"line":56,"column":16}},"13":{"start":{"line":57,"column":4},"end":{"line":69,"column":5}},"14":{"start":{"line":58,"column":6},"end":{"line":58,"column":50}},"15":{"start":{"line":58,"column":33},"end":{"line":58,"column":50}},"16":{"start":{"line":60,"column":24},"end":{"line":60,"column":50}},"17":{"start":{"line":61,"column":6},"end":{"line":61,"column":42}},"18":{"start":{"line":61,"column":20},"end":{"line":61,"column":42}},"19":{"start":{"line":63,"column":6},"end":{"line":67,"column":7}},"20":{"start":{"line":64,"column":8},"end":{"line":64,"column":59}},"21":{"start":{"line":66,"column":8},"end":{"line":66,"column":52}},"22":{"start":{"line":68,"column":6},"end":{"line":68,"column":23}},"23":{"start":{"line":70,"column":4},"end":{"line":70,"column":34}},"24":{"start":{"line":71,"column":4},"end":{"line":71,"column":28}},"25":{"start":{"line":75,"column":23},"end":{"line":79,"column":1}},"26":{"start":{"line":76,"column":17},"end":{"line":76,"column":27}},"27":{"start":{"line":77,"column":2},"end":{"line":77,"column":28}},"28":{"start":{"line":78,"column":2},"end":{"line":78,"column":16}},"29":{"start":{"line":81,"column":12},"end":{"line":129,"column":1}},"30":{"start":{"line":82,"column":2},"end":{"line":85,"column":3}},"31":{"start":{"line":83,"column":4},"end":{"line":83,"column":72}},"32":{"start":{"line":84,"column":4},"end":{"line":84,"column":11}},"33":{"start":{"line":87,"column":2},"end":{"line":113,"column":3}},"34":{"start":{"line":90,"column":4},"end":{"line":108,"column":5}},"35":{"start":{"line":91,"column":6},"end":{"line":91,"column":41}},"36":{"start":{"line":92,"column":6},"end":{"line":92,"column":25}},"37":{"start":{"line":97,"column":9},"end":{"line":108,"column":5}},"38":{"start":{"line":98,"column":6},"end":{"line":98,"column":41}},"39":{"start":{"line":99,"column":6},"end":{"line":99,"column":25}},"40":{"start":{"line":104,"column":6},"end":{"line":104,"column":41}},"41":{"start":{"line":105,"column":6},"end":{"line":105,"column":48}},"42":{"start":{"line":106,"column":6},"end":{"line":106,"column":25}},"43":{"start":{"line":107,"column":6},"end":{"line":107,"column":25}},"44":{"start":{"line":110,"column":4},"end":{"line":110,"column":33}},"45":{"start":{"line":111,"column":4},"end":{"line":111,"column":33}},"46":{"start":{"line":112,"column":4},"end":{"line":112,"column":27}},"47":{"start":{"line":115,"column":2},"end":{"line":128,"column":3}},"48":{"start":{"line":116,"column":4},"end":{"line":119,"column":5}},"49":{"start":{"line":117,"column":6},"end":{"line":117,"column":41}},"50":{"start":{"line":118,"column":6},"end":{"line":118,"column":25}},"51":{"start":{"line":120,"column":4},"end":{"line":123,"column":5}},"52":{"start":{"line":121,"column":6},"end":{"line":121,"column":41}},"53":{"start":{"line":122,"column":6},"end":{"line":122,"column":25}},"54":{"start":{"line":125,"column":4},"end":{"line":125,"column":33}},"55":{"start":{"line":126,"column":4},"end":{"line":126,"column":33}},"56":{"start":{"line":127,"column":4},"end":{"line":127,"column":27}},"57":{"start":{"line":131,"column":30},"end":{"line":147,"column":1}},"58":{"start":{"line":132,"column":16},"end":{"line":132,"column":26}},"59":{"start":{"line":134,"column":2},"end":{"line":134,"column":56}},"60":{"start":{"line":137,"column":16},"end":{"line":137,"column":26}},"61":{"start":{"line":139,"column":2},"end":{"line":139,"column":37}},"62":{"start":{"line":141,"column":2},"end":{"line":141,"column":20}},"63":{"start":{"line":142,"column":2},"end":{"line":142,"column":20}},"64":{"start":{"line":144,"column":17},"end":{"line":144,"column":38}},"65":{"start":{"line":146,"column":2},"end":{"line":146,"column":21}}},"fnMap":{"0":{"name":"(anonymous_0)","decl":{"start":{"line":18,"column":2},"end":{"line":18,"column":3}},"loc":{"start":{"line":18,"column":37},"end":{"line":21,"column":3}},"line":18},"1":{"name":"(anonymous_1)","decl":{"start":{"line":25,"column":2},"end":{"line":25,"column":3}},"loc":{"start":{"line":25,"column":30},"end":{"line":49,"column":3}},"line":25},"2":{"name":"(anonymous_2)","decl":{"start":{"line":54,"column":2},"end":{"line":54,"column":3}},"loc":{"start":{"line":54,"column":14},"end":{"line":72,"column":3}},"line":54},"3":{"name":"(anonymous_3)","decl":{"start":{"line":75,"column":23},"end":{"line":75,"column":24}},"loc":{"start":{"line":75,"column":53},"end":{"line":79,"column":1}},"line":75},"4":{"name":"(anonymous_4)","decl":{"start":{"line":81,"column":12},"end":{"line":81,"column":13}},"loc":{"start":{"line":81,"column":60},"end":{"line":129,"column":1}},"line":81},"5":{"name":"(anonymous_5)","decl":{"start":{"line":131,"column":30},"end":{"line":131,"column":31}},"loc":{"start":{"line":131,"column":36},"end":{"line":147,"column":1}},"line":131}},"branchMap":{"0":{"loc":{"start":{"line":19,"column":19},"end":{"line":19,"column":34}},"type":"binary-expr","locations":[{"start":{"line":19,"column":19},"end":{"line":19,"column":26}},{"start":{"line":19,"column":30},"end":{"line":19,"column":34}}],"line":19},"1":{"loc":{"start":{"line":35,"column":6},"end":{"line":47,"column":7}},"type":"if","locations":[{"start":{"line":35,"column":6},"end":{"line":47,"column":7}},{"start":{"line":35,"column":6},"end":{"line":47,"column":7}}],"line":35},"2":{"loc":{"start":{"line":57,"column":11},"end":{"line":57,"column":31}},"type":"binary-expr","locations":[{"start":{"line":57,"column":11},"end":{"line":57,"column":15}},{"start":{"line":57,"column":19},"end":{"line":57,"column":31}}],"line":57},"3":{"loc":{"start":{"line":58,"column":6},"end":{"line":58,"column":50}},"type":"if","locations":[{"start":{"line":58,"column":6},"end":{"line":58,"column":50}},{"start":{"line":58,"column":6},"end":{"line":58,"column":50}}],"line":58},"4":{"loc":{"start":{"line":61,"column":6},"end":{"line":61,"column":42}},"type":"if","locations":[{"start":{"line":61,"column":6},"end":{"line":61,"column":42}},{"start":{"line":61,"column":6},"end":{"line":61,"column":42}}],"line":61},"5":{"loc":{"start":{"line":63,"column":6},"end":{"line":67,"column":7}},"type":"if","locations":[{"start":{"line":63,"column":6},"end":{"line":67,"column":7}},{"start":{"line":63,"column":6},"end":{"line":67,"column":7}}],"line":63},"6":{"loc":{"start":{"line":82,"column":2},"end":{"line":85,"column":3}},"type":"if","locations":[{"start":{"line":82,"column":2},"end":{"line":85,"column":3}},{"start":{"line":82,"column":2},"end":{"line":85,"column":3}}],"line":82},"7":{"loc":{"start":{"line":82,"column":6},"end":{"line":82,"column":38}},"type":"binary-expr","locations":[{"start":{"line":82,"column":6},"end":{"line":82,"column":20}},{"start":{"line":82,"column":24},"end":{"line":82,"column":38}}],"line":82},"8":{"loc":{"start":{"line":87,"column":9},"end":{"line":87,"column":23}},"type":"binary-expr","locations":[{"start":{"line":87,"column":9},"end":{"line":87,"column":14}},{"start":{"line":87,"column":18},"end":{"line":87,"column":23}}],"line":87},"9":{"loc":{"start":{"line":90,"column":4},"end":{"line":108,"column":5}},"type":"if","locations":[{"start":{"line":90,"column":4},"end":{"line":108,"column":5}},{"start":{"line":90,"column":4},"end":{"line":108,"column":5}}],"line":90},"10":{"loc":{"start":{"line":97,"column":9},"end":{"line":108,"column":5}},"type":"if","locations":[{"start":{"line":97,"column":9},"end":{"line":108,"column":5}},{"start":{"line":97,"column":9},"end":{"line":108,"column":5}}],"line":97},"11":{"loc":{"start":{"line":115,"column":9},"end":{"line":115,"column":23}},"type":"binary-expr","locations":[{"start":{"line":115,"column":9},"end":{"line":115,"column":14}},{"start":{"line":115,"column":18},"end":{"line":115,"column":23}}],"line":115},"12":{"loc":{"start":{"line":116,"column":4},"end":{"line":119,"column":5}},"type":"if","locations":[{"start":{"line":116,"column":4},"end":{"line":119,"column":5}},{"start":{"line":116,"column":4},"end":{"line":119,"column":5}}],"line":116},"13":{"loc":{"start":{"line":120,"column":4},"end":{"line":123,"column":5}},"type":"if","locations":[{"start":{"line":120,"column":4},"end":{"line":123,"column":5}},{"start":{"line":120,"column":4},"end":{"line":123,"column":5}}],"line":120}},"s":{"0":26,"1":26,"2":4,"3":4,"4":15,"5":15,"6":4,"7":11,"8":11,"9":13,"10":11,"11":2,"12":2,"13":2,"14":10,"15":1,"16":10,"17":10,"18":3,"19":10,"20":3,"21":7,"22":10,"23":2,"24":2,"25":1,"26":1,"27":1,"28":1,"29":1,"30":1,"31":0,"32":0,"33":1,"34":5,"35":2,"36":2,"37":3,"38":1,"39":1,"40":2,"41":2,"42":2,"43":2,"44":5,"45":5,"46":5,"47":1,"48":1,"49":1,"50":1,"51":1,"52":0,"53":0,"54":1,"55":1,"56":1,"57":1,"58":0,"59":0,"60":0,"61":0,"62":0,"63":0,"64":0,"65":0},"f":{"0":26,"1":4,"2":2,"3":1,"4":1,"5":0},"b":{"0":[26,11],"1":[4,11],"2":[12,11],"3":[1,9],"4":[3,7],"5":[3,7],"6":[0,1],"7":[1,1],"8":[6,6],"9":[2,3],"10":[1,2],"11":[2,1],"12":[1,0],"13":[0,1]},"_coverageSchema":"1a1c01bbd47fc00a2c39e90264f33305004495a9","hash":"7da164129647651f1d0f0b3cb541638381405f5c"}
}
