{"C:\\Users\\julia\\projects\\zadanie-ethworks\\src\\utils.ts": {"path":"C:\\Users\\julia\\projects\\zadanie-ethworks\\src\\utils.ts","statementMap":{"0":{"start":{"line":12,"column":4},"end":{"line":12,"column":35}},"1":{"start":{"line":13,"column":4},"end":{"line":13,"column":21}},"2":{"start":{"line":19,"column":4},"end":{"line":41,"column":5}},"3":{"start":{"line":19,"column":17},"end":{"line":19,"column":18}},"4":{"start":{"line":21,"column":19},"end":{"line":21,"column":36}},"5":{"start":{"line":28,"column":6},"end":{"line":40,"column":7}},"6":{"start":{"line":28,"column":33},"end":{"line":28,"column":61}},"7":{"start":{"line":30,"column":8},"end":{"line":30,"column":23}},"8":{"start":{"line":34,"column":8},"end":{"line":36,"column":9}},"9":{"start":{"line":35,"column":10},"end":{"line":35,"column":33}},"10":{"start":{"line":39,"column":8},"end":{"line":39,"column":28}},"11":{"start":{"line":48,"column":21},"end":{"line":48,"column":25}},"12":{"start":{"line":49,"column":14},"end":{"line":49,"column":16}},"13":{"start":{"line":50,"column":4},"end":{"line":62,"column":5}},"14":{"start":{"line":51,"column":6},"end":{"line":51,"column":50}},"15":{"start":{"line":51,"column":33},"end":{"line":51,"column":50}},"16":{"start":{"line":53,"column":24},"end":{"line":53,"column":50}},"17":{"start":{"line":54,"column":6},"end":{"line":54,"column":42}},"18":{"start":{"line":54,"column":20},"end":{"line":54,"column":42}},"19":{"start":{"line":56,"column":6},"end":{"line":60,"column":7}},"20":{"start":{"line":57,"column":8},"end":{"line":57,"column":59}},"21":{"start":{"line":59,"column":8},"end":{"line":59,"column":52}},"22":{"start":{"line":61,"column":6},"end":{"line":61,"column":23}},"23":{"start":{"line":63,"column":4},"end":{"line":63,"column":34}},"24":{"start":{"line":64,"column":4},"end":{"line":64,"column":28}},"25":{"start":{"line":75,"column":23},"end":{"line":79,"column":1}},"26":{"start":{"line":76,"column":17},"end":{"line":76,"column":27}},"27":{"start":{"line":77,"column":2},"end":{"line":77,"column":28}},"28":{"start":{"line":78,"column":2},"end":{"line":78,"column":16}},"29":{"start":{"line":81,"column":12},"end":{"line":124,"column":1}},"30":{"start":{"line":82,"column":2},"end":{"line":108,"column":3}},"31":{"start":{"line":85,"column":4},"end":{"line":103,"column":5}},"32":{"start":{"line":86,"column":6},"end":{"line":86,"column":41}},"33":{"start":{"line":87,"column":6},"end":{"line":87,"column":25}},"34":{"start":{"line":92,"column":9},"end":{"line":103,"column":5}},"35":{"start":{"line":93,"column":6},"end":{"line":93,"column":41}},"36":{"start":{"line":94,"column":6},"end":{"line":94,"column":25}},"37":{"start":{"line":99,"column":6},"end":{"line":99,"column":41}},"38":{"start":{"line":100,"column":6},"end":{"line":100,"column":48}},"39":{"start":{"line":101,"column":6},"end":{"line":101,"column":25}},"40":{"start":{"line":102,"column":6},"end":{"line":102,"column":25}},"41":{"start":{"line":105,"column":4},"end":{"line":105,"column":33}},"42":{"start":{"line":106,"column":4},"end":{"line":106,"column":33}},"43":{"start":{"line":107,"column":4},"end":{"line":107,"column":27}},"44":{"start":{"line":110,"column":2},"end":{"line":123,"column":3}},"45":{"start":{"line":111,"column":4},"end":{"line":114,"column":5}},"46":{"start":{"line":112,"column":6},"end":{"line":112,"column":41}},"47":{"start":{"line":113,"column":6},"end":{"line":113,"column":25}},"48":{"start":{"line":115,"column":4},"end":{"line":118,"column":5}},"49":{"start":{"line":116,"column":6},"end":{"line":116,"column":41}},"50":{"start":{"line":117,"column":6},"end":{"line":117,"column":25}},"51":{"start":{"line":120,"column":4},"end":{"line":120,"column":33}},"52":{"start":{"line":121,"column":4},"end":{"line":121,"column":33}},"53":{"start":{"line":122,"column":4},"end":{"line":122,"column":27}},"54":{"start":{"line":126,"column":27},"end":{"line":141,"column":1}},"55":{"start":{"line":127,"column":16},"end":{"line":127,"column":26}},"56":{"start":{"line":129,"column":2},"end":{"line":129,"column":36}},"57":{"start":{"line":131,"column":16},"end":{"line":131,"column":26}},"58":{"start":{"line":133,"column":2},"end":{"line":133,"column":28}},"59":{"start":{"line":135,"column":2},"end":{"line":135,"column":20}},"60":{"start":{"line":136,"column":2},"end":{"line":136,"column":20}},"61":{"start":{"line":138,"column":17},"end":{"line":138,"column":38}},"62":{"start":{"line":140,"column":2},"end":{"line":140,"column":28}}},"fnMap":{"0":{"name":"(anonymous_0)","decl":{"start":{"line":11,"column":2},"end":{"line":11,"column":3}},"loc":{"start":{"line":11,"column":37},"end":{"line":14,"column":3}},"line":11},"1":{"name":"(anonymous_1)","decl":{"start":{"line":18,"column":2},"end":{"line":18,"column":3}},"loc":{"start":{"line":18,"column":48},"end":{"line":42,"column":3}},"line":18},"2":{"name":"(anonymous_2)","decl":{"start":{"line":47,"column":2},"end":{"line":47,"column":3}},"loc":{"start":{"line":47,"column":14},"end":{"line":65,"column":3}},"line":47},"3":{"name":"(anonymous_3)","decl":{"start":{"line":75,"column":23},"end":{"line":75,"column":24}},"loc":{"start":{"line":75,"column":53},"end":{"line":79,"column":1}},"line":75},"4":{"name":"(anonymous_4)","decl":{"start":{"line":81,"column":12},"end":{"line":81,"column":13}},"loc":{"start":{"line":81,"column":60},"end":{"line":124,"column":1}},"line":81},"5":{"name":"(anonymous_5)","decl":{"start":{"line":126,"column":27},"end":{"line":126,"column":28}},"loc":{"start":{"line":126,"column":33},"end":{"line":141,"column":1}},"line":126}},"branchMap":{"0":{"loc":{"start":{"line":12,"column":19},"end":{"line":12,"column":34}},"type":"binary-expr","locations":[{"start":{"line":12,"column":19},"end":{"line":12,"column":26}},{"start":{"line":12,"column":30},"end":{"line":12,"column":34}}],"line":12},"1":{"loc":{"start":{"line":28,"column":6},"end":{"line":40,"column":7}},"type":"if","locations":[{"start":{"line":28,"column":6},"end":{"line":40,"column":7}},{"start":{"line":28,"column":6},"end":{"line":40,"column":7}}],"line":28},"2":{"loc":{"start":{"line":50,"column":11},"end":{"line":50,"column":31}},"type":"binary-expr","locations":[{"start":{"line":50,"column":11},"end":{"line":50,"column":15}},{"start":{"line":50,"column":19},"end":{"line":50,"column":31}}],"line":50},"3":{"loc":{"start":{"line":51,"column":6},"end":{"line":51,"column":50}},"type":"if","locations":[{"start":{"line":51,"column":6},"end":{"line":51,"column":50}},{"start":{"line":51,"column":6},"end":{"line":51,"column":50}}],"line":51},"4":{"loc":{"start":{"line":54,"column":6},"end":{"line":54,"column":42}},"type":"if","locations":[{"start":{"line":54,"column":6},"end":{"line":54,"column":42}},{"start":{"line":54,"column":6},"end":{"line":54,"column":42}}],"line":54},"5":{"loc":{"start":{"line":56,"column":6},"end":{"line":60,"column":7}},"type":"if","locations":[{"start":{"line":56,"column":6},"end":{"line":60,"column":7}},{"start":{"line":56,"column":6},"end":{"line":60,"column":7}}],"line":56},"6":{"loc":{"start":{"line":82,"column":9},"end":{"line":82,"column":23}},"type":"binary-expr","locations":[{"start":{"line":82,"column":9},"end":{"line":82,"column":14}},{"start":{"line":82,"column":18},"end":{"line":82,"column":23}}],"line":82},"7":{"loc":{"start":{"line":85,"column":4},"end":{"line":103,"column":5}},"type":"if","locations":[{"start":{"line":85,"column":4},"end":{"line":103,"column":5}},{"start":{"line":85,"column":4},"end":{"line":103,"column":5}}],"line":85},"8":{"loc":{"start":{"line":92,"column":9},"end":{"line":103,"column":5}},"type":"if","locations":[{"start":{"line":92,"column":9},"end":{"line":103,"column":5}},{"start":{"line":92,"column":9},"end":{"line":103,"column":5}}],"line":92},"9":{"loc":{"start":{"line":110,"column":9},"end":{"line":110,"column":23}},"type":"binary-expr","locations":[{"start":{"line":110,"column":9},"end":{"line":110,"column":14}},{"start":{"line":110,"column":18},"end":{"line":110,"column":23}}],"line":110},"10":{"loc":{"start":{"line":111,"column":4},"end":{"line":114,"column":5}},"type":"if","locations":[{"start":{"line":111,"column":4},"end":{"line":114,"column":5}},{"start":{"line":111,"column":4},"end":{"line":114,"column":5}}],"line":111},"11":{"loc":{"start":{"line":115,"column":4},"end":{"line":118,"column":5}},"type":"if","locations":[{"start":{"line":115,"column":4},"end":{"line":118,"column":5}},{"start":{"line":115,"column":4},"end":{"line":118,"column":5}}],"line":115}},"s":{"0":55,"1":55,"2":8,"3":8,"4":28,"5":28,"6":8,"7":20,"8":20,"9":21,"10":20,"11":6,"12":6,"13":6,"14":25,"15":1,"16":25,"17":25,"18":6,"19":25,"20":3,"21":22,"22":25,"23":6,"24":6,"25":1,"26":3,"27":3,"28":3,"29":1,"30":3,"31":14,"32":5,"33":5,"34":9,"35":4,"36":4,"37":5,"38":5,"39":5,"40":5,"41":14,"42":14,"43":14,"44":3,"45":2,"46":1,"47":1,"48":2,"49":1,"50":1,"51":2,"52":2,"53":2,"54":1,"55":1,"56":1,"57":1,"58":1,"59":1,"60":1,"61":1,"62":1},"f":{"0":55,"1":8,"2":6,"3":3,"4":3,"5":1},"b":{"0":[55,27],"1":[8,20],"2":[31,28],"3":[1,24],"4":[6,19],"5":[3,22],"6":[17,15],"7":[5,9],"8":[4,5],"9":[5,4],"10":[1,1],"11":[1,1]},"_coverageSchema":"1a1c01bbd47fc00a2c39e90264f33305004495a9","hash":"d2813c5b7b219710840dc170ee90a61af65f7574"}
}
