TN:
SF:src\utils.ts
FN:18,(anonymous_0)
FN:25,(anonymous_1)
FN:54,(anonymous_2)
FN:82,(anonymous_3)
FN:88,(anonymous_4)
FN:133,(anonymous_5)
FNF:6
FNH:5
FNDA:43,(anonymous_0)
FNDA:6,(anonymous_1)
FNDA:3,(anonymous_2)
FNDA:2,(anonymous_3)
FNDA:2,(anonymous_4)
FNDA:0,(anonymous_5)
DA:19,43
DA:20,43
DA:26,6
DA:28,23
DA:35,23
DA:37,17
DA:41,17
DA:42,20
DA:46,17
DA:55,3
DA:56,3
DA:57,3
DA:58,16
DA:60,16
DA:61,16
DA:63,16
DA:64,3
DA:66,13
DA:68,16
DA:70,3
DA:71,3
DA:82,1
DA:83,2
DA:84,2
DA:85,2
DA:88,1
DA:89,2
DA:92,10
DA:93,3
DA:94,3
DA:99,7
DA:100,3
DA:101,3
DA:106,4
DA:107,4
DA:108,4
DA:109,4
DA:112,10
DA:113,10
DA:114,10
DA:117,2
DA:118,2
DA:119,1
DA:120,1
DA:122,2
DA:123,1
DA:124,1
DA:127,2
DA:128,2
DA:129,2
DA:133,1
DA:134,0
DA:136,0
DA:138,0
DA:140,0
DA:142,0
DA:143,0
DA:145,0
DA:147,0
LF:59
LH:51
BRDA:19,0,0,43
BRDA:19,0,1,20
BRDA:35,1,0,6
BRDA:35,1,1,17
BRDA:57,2,0,19
BRDA:57,2,1,18
BRDA:58,3,0,1
BRDA:58,3,1,15
BRDA:61,4,0,6
BRDA:61,4,1,10
BRDA:63,5,0,3
BRDA:63,5,1,13
BRDA:89,6,0,12
BRDA:89,6,1,11
BRDA:92,7,0,3
BRDA:92,7,1,7
BRDA:99,8,0,3
BRDA:99,8,1,4
BRDA:117,9,0,4
BRDA:117,9,1,3
BRDA:118,10,0,1
BRDA:118,10,1,1
BRDA:122,11,0,1
BRDA:122,11,1,1
BRF:24
BRH:24
end_of_record
