TN:
SF:src\utils.ts
FN:11,(anonymous_0)
FN:18,(anonymous_1)
FN:47,(anonymous_2)
FN:75,(anonymous_3)
FN:81,(anonymous_4)
FN:126,(anonymous_5)
FNF:6
FNH:6
FNDA:55,(anonymous_0)
FNDA:8,(anonymous_1)
FNDA:6,(anonymous_2)
FNDA:3,(anonymous_3)
FNDA:3,(anonymous_4)
FNDA:1,(anonymous_5)
DA:12,55
DA:13,55
DA:19,8
DA:21,28
DA:28,28
DA:30,20
DA:34,20
DA:35,21
DA:39,20
DA:48,6
DA:49,6
DA:50,6
DA:51,25
DA:53,25
DA:54,25
DA:56,25
DA:57,3
DA:59,22
DA:61,25
DA:63,6
DA:64,6
DA:75,1
DA:76,3
DA:77,3
DA:78,3
DA:81,1
DA:82,3
DA:85,14
DA:86,5
DA:87,5
DA:92,9
DA:93,4
DA:94,4
DA:99,5
DA:100,5
DA:101,5
DA:102,5
DA:105,14
DA:106,14
DA:107,14
DA:110,3
DA:111,2
DA:112,1
DA:113,1
DA:115,2
DA:116,1
DA:117,1
DA:120,2
DA:121,2
DA:122,2
DA:126,1
DA:127,1
DA:129,1
DA:131,1
DA:133,1
DA:135,1
DA:136,1
DA:138,1
DA:140,1
LF:59
LH:59
BRDA:12,0,0,55
BRDA:12,0,1,27
BRDA:28,1,0,8
BRDA:28,1,1,20
BRDA:50,2,0,31
BRDA:50,2,1,28
BRDA:51,3,0,1
BRDA:51,3,1,24
BRDA:54,4,0,6
BRDA:54,4,1,19
BRDA:56,5,0,3
BRDA:56,5,1,22
BRDA:82,6,0,17
BRDA:82,6,1,15
BRDA:85,7,0,5
BRDA:85,7,1,9
BRDA:92,8,0,4
BRDA:92,8,1,5
BRDA:110,9,0,5
BRDA:110,9,1,4
BRDA:111,10,0,1
BRDA:111,10,1,1
BRDA:115,11,0,1
BRDA:115,11,1,1
BRF:24
BRH:24
end_of_record
